d:\test\hello-world\watersimulate\fftrefraction_src\debug\vc140.pdb
d:\test\hello-world\watersimulate\fftrefraction_src\debug\vc140.idb
d:\test\hello-world\watersimulate\fftrefraction_src\debug\matrix.obj
d:\test\hello-world\watersimulate\fftrefraction_src\debug\loadtga.obj
d:\test\hello-world\watersimulate\fftrefraction_src\debug\gauss.obj
d:\test\hello-world\watersimulate\fftrefraction_src\debug\forest.obj
d:\test\hello-world\watersimulate\fftrefraction_src\debug\fftrefraction.obj
d:\test\hello-world\watersimulate\fftrefraction_src\debug\bourke.obj
d:\test\hello-world\watersimulate\fftrefraction_src\f.vp
d:\test\hello-world\watersimulate\fftrefraction_src\v.vp
d:\test\hello-world\watersimulate\fftrefraction_src\debug\fftrefraction.pdb
d:\test\hello-world\watersimulate\fftrefraction_src\debug\fftrefraction.tlog\cl.command.1.tlog
d:\test\hello-world\watersimulate\fftrefraction_src\debug\fftrefraction.tlog\cl.read.1.tlog
d:\test\hello-world\watersimulate\fftrefraction_src\debug\fftrefraction.tlog\cl.write.1.tlog
d:\test\hello-world\watersimulate\fftrefraction_src\debug\fftrefraction.tlog\custombuild.command.1.tlog
d:\test\hello-world\watersimulate\fftrefraction_src\debug\fftrefraction.tlog\custombuild.read.1.tlog
d:\test\hello-world\watersimulate\fftrefraction_src\debug\fftrefraction.tlog\custombuild.write.1.tlog
d:\test\hello-world\watersimulate\fftrefraction_src\debug\fftrefraction.tlog\link-cvtres.read.1.tlog
d:\test\hello-world\watersimulate\fftrefraction_src\debug\fftrefraction.tlog\link-cvtres.write.1.tlog
d:\test\hello-world\watersimulate\fftrefraction_src\debug\fftrefraction.tlog\link-rc.read.1.tlog
d:\test\hello-world\watersimulate\fftrefraction_src\debug\fftrefraction.tlog\link-rc.write.1.tlog
d:\test\hello-world\watersimulate\fftrefraction_src\debug\fftrefraction.tlog\link.command.1.tlog
d:\test\hello-world\watersimulate\fftrefraction_src\debug\fftrefraction.tlog\link.read.1.tlog
d:\test\hello-world\watersimulate\fftrefraction_src\debug\fftrefraction.tlog\link.write.1.tlog
