  bourke.cpp
  fftrefraction.cpp
d:\test\hello-world\fftrefraction_src\fftrefraction.cpp(63): warning C4305: “初始化”: 从“double”到“float”截断
d:\test\hello-world\fftrefraction_src\fftrefraction.cpp(65): warning C4305: “初始化”: 从“double”到“float”截断
d:\test\hello-world\fftrefraction_src\fftrefraction.cpp(69): warning C4305: “初始化”: 从“double”到“float”截断
d:\test\hello-world\fftrefraction_src\fftrefraction.cpp(73): warning C4305: “初始化”: 从“double”到“float”截断
d:\test\hello-world\fftrefraction_src\fftrefraction.cpp(230): warning C4305: “=”: 从“double”到“float”截断
d:\test\hello-world\fftrefraction_src\fftrefraction.cpp(347): warning C4244: “=”: 从“__time64_t”转换到“long”，可能丢失数据
d:\test\hello-world\fftrefraction_src\fftrefraction.cpp(345): warning C4996: '_ftime64': This function or variable may be unsafe. Consider using _ftime64_s instead. To disable deprecation, use _CRT_SECURE_NO_WARNINGS. See online help for details.
  c:\program files (x86)\windows kits\10\include\10.0.10240.0\ucrt\sys\timeb.h(76): note: 参见“_ftime64”的声明
d:\test\hello-world\fftrefraction_src\fftrefraction.cpp(418): warning C4996: 'sprintf': This function or variable may be unsafe. Consider using sprintf_s instead. To disable deprecation, use _CRT_SECURE_NO_WARNINGS. See online help for details.
  c:\program files (x86)\windows kits\10\include\10.0.10240.0\ucrt\stdio.h(1769): note: 参见“sprintf”的声明
d:\test\hello-world\fftrefraction_src\fftrefraction.cpp(484): warning C4996: 'fopen': This function or variable may be unsafe. Consider using fopen_s instead. To disable deprecation, use _CRT_SECURE_NO_WARNINGS. See online help for details.
  c:\program files (x86)\windows kits\10\include\10.0.10240.0\ucrt\stdio.h(205): note: 参见“fopen”的声明
d:\test\hello-world\fftrefraction_src\fftrefraction.cpp(489): warning C4996: 'fscanf': This function or variable may be unsafe. Consider using fscanf_s instead. To disable deprecation, use _CRT_SECURE_NO_WARNINGS. See online help for details.
  c:\program files (x86)\windows kits\10\include\10.0.10240.0\ucrt\stdio.h(1193): note: 参见“fscanf”的声明
d:\test\hello-world\fftrefraction_src\fftrefraction.cpp(490): warning C4996: 'fscanf': This function or variable may be unsafe. Consider using fscanf_s instead. To disable deprecation, use _CRT_SECURE_NO_WARNINGS. See online help for details.
  c:\program files (x86)\windows kits\10\include\10.0.10240.0\ucrt\stdio.h(1193): note: 参见“fscanf”的声明
d:\test\hello-world\fftrefraction_src\fftrefraction.cpp(502): warning C4996: 'fscanf': This function or variable may be unsafe. Consider using fscanf_s instead. To disable deprecation, use _CRT_SECURE_NO_WARNINGS. See online help for details.
  c:\program files (x86)\windows kits\10\include\10.0.10240.0\ucrt\stdio.h(1193): note: 参见“fscanf”的声明
d:\test\hello-world\fftrefraction_src\fftrefraction.cpp(504): warning C4996: 'fscanf': This function or variable may be unsafe. Consider using fscanf_s instead. To disable deprecation, use _CRT_SECURE_NO_WARNINGS. See online help for details.
  c:\program files (x86)\windows kits\10\include\10.0.10240.0\ucrt\stdio.h(1193): note: 参见“fscanf”的声明
d:\test\hello-world\fftrefraction_src\fftrefraction.cpp(506): warning C4996: 'fscanf': This function or variable may be unsafe. Consider using fscanf_s instead. To disable deprecation, use _CRT_SECURE_NO_WARNINGS. See online help for details.
  c:\program files (x86)\windows kits\10\include\10.0.10240.0\ucrt\stdio.h(1193): note: 参见“fscanf”的声明
d:\test\hello-world\fftrefraction_src\fftrefraction.cpp(509): warning C4996: 'fscanf': This function or variable may be unsafe. Consider using fscanf_s instead. To disable deprecation, use _CRT_SECURE_NO_WARNINGS. See online help for details.
  c:\program files (x86)\windows kits\10\include\10.0.10240.0\ucrt\stdio.h(1193): note: 参见“fscanf”的声明
d:\test\hello-world\fftrefraction_src\fftrefraction.cpp(511): warning C4996: 'fscanf': This function or variable may be unsafe. Consider using fscanf_s instead. To disable deprecation, use _CRT_SECURE_NO_WARNINGS. See online help for details.
  c:\program files (x86)\windows kits\10\include\10.0.10240.0\ucrt\stdio.h(1193): note: 参见“fscanf”的声明
d:\test\hello-world\fftrefraction_src\fftrefraction.cpp(513): warning C4996: 'fscanf': This function or variable may be unsafe. Consider using fscanf_s instead. To disable deprecation, use _CRT_SECURE_NO_WARNINGS. See online help for details.
  c:\program files (x86)\windows kits\10\include\10.0.10240.0\ucrt\stdio.h(1193): note: 参见“fscanf”的声明
d:\test\hello-world\fftrefraction_src\fftrefraction.cpp(530): warning C4996: 'fopen': This function or variable may be unsafe. Consider using fopen_s instead. To disable deprecation, use _CRT_SECURE_NO_WARNINGS. See online help for details.
  c:\program files (x86)\windows kits\10\include\10.0.10240.0\ucrt\stdio.h(205): note: 参见“fopen”的声明
d:\test\hello-world\fftrefraction_src\fftrefraction.cpp(1205): warning C4244: “参数”: 从“double”转换到“GLfloat”，可能丢失数据
d:\test\hello-world\fftrefraction_src\fftrefraction.cpp(1209): warning C4244: “参数”: 从“double”转换到“GLfloat”，可能丢失数据
d:\test\hello-world\fftrefraction_src\fftrefraction.cpp(1276): warning C4244: “参数”: 从“double”转换到“GLfloat”，可能丢失数据
d:\test\hello-world\fftrefraction_src\fftrefraction.cpp(1280): warning C4244: “参数”: 从“double”转换到“GLfloat”，可能丢失数据
d:\test\hello-world\fftrefraction_src\fftrefraction.cpp(1343): warning C4244: “参数”: 从“int”转换到“GLfloat”，可能丢失数据
d:\test\hello-world\fftrefraction_src\fftrefraction.cpp(1344): warning C4244: “参数”: 从“int”转换到“float”，可能丢失数据
d:\test\hello-world\fftrefraction_src\fftrefraction.cpp(1390): warning C4244: “参数”: 从“double”转换到“GLfloat”，可能丢失数据
d:\test\hello-world\fftrefraction_src\fftrefraction.cpp(1398): warning C4244: “参数”: 从“double”转换到“GLfloat”，可能丢失数据
d:\test\hello-world\fftrefraction_src\fftrefraction.cpp(1503): warning C4838: 从“double”转换到“GLfloat”需要收缩转换
d:\test\hello-world\fftrefraction_src\fftrefraction.cpp(1503): warning C4305: “初始化”: 从“double”到“GLfloat”截断
d:\test\hello-world\fftrefraction_src\fftrefraction.cpp(1669): warning C4244: “=”: 从“double”转换到“float”，可能丢失数据
d:\test\hello-world\fftrefraction_src\fftrefraction.cpp(1675): warning C4244: “=”: 从“double”转换到“float”，可能丢失数据
d:\test\hello-world\fftrefraction_src\fftrefraction.cpp(1681): warning C4305: “+=”: 从“double”到“float”截断
d:\test\hello-world\fftrefraction_src\fftrefraction.cpp(1687): warning C4305: “-=”: 从“double”到“float”截断
d:\test\hello-world\fftrefraction_src\fftrefraction.cpp(1756): warning C4305: “+=”: 从“double”到“float”截断
d:\test\hello-world\fftrefraction_src\fftrefraction.cpp(1762): warning C4305: “-=”: 从“double”到“float”截断
d:\test\hello-world\fftrefraction_src\fftrefraction.cpp(2064): warning C4305: “-=”: 从“double”到“float”截断
  forest.cpp
d:\test\hello-world\fftrefraction_src\forest.cpp(38): warning C4996: 'strcpy': This function or variable may be unsafe. Consider using strcpy_s instead. To disable deprecation, use _CRT_SECURE_NO_WARNINGS. See online help for details.
  c:\program files (x86)\windows kits\10\include\10.0.10240.0\ucrt\string.h(119): note: 参见“strcpy”的声明
d:\test\hello-world\fftrefraction_src\forest.cpp(39): warning C4996: 'strcat': This function or variable may be unsafe. Consider using strcat_s instead. To disable deprecation, use _CRT_SECURE_NO_WARNINGS. See online help for details.
  c:\program files (x86)\windows kits\10\include\10.0.10240.0\ucrt\string.h(90): note: 参见“strcat”的声明
d:\test\hello-world\fftrefraction_src\forest.cpp(87): warning C4244: “参数”: 从“time_t”转换到“unsigned int”，可能丢失数据
d:\test\hello-world\fftrefraction_src\forest.cpp(103): warning C4244: “=”: 从“double”转换到“int”，可能丢失数据
d:\test\hello-world\fftrefraction_src\forest.cpp(104): warning C4244: “=”: 从“double”转换到“int”，可能丢失数据
d:\test\hello-world\fftrefraction_src\forest.cpp(105): warning C4244: “=”: 从“double”转换到“int”，可能丢失数据
d:\test\hello-world\fftrefraction_src\forest.cpp(137): warning C4244: “参数”: 从“int”转换到“GLfloat”，可能丢失数据
d:\test\hello-world\fftrefraction_src\forest.cpp(139): warning C4244: “参数”: 从“double”转换到“GLfloat”，可能丢失数据
d:\test\hello-world\fftrefraction_src\forest.cpp(146): warning C4305: “参数”: 从“double”到“GLclampf”截断
  gauss.cpp
  LoadTGA.cpp
d:\test\hello-world\fftrefraction_src\loadtga.cpp(33): warning C4996: 'fopen': This function or variable may be unsafe. Consider using fopen_s instead. To disable deprecation, use _CRT_SECURE_NO_WARNINGS. See online help for details.
  c:\program files (x86)\windows kits\10\include\10.0.10240.0\ucrt\stdio.h(205): note: 参见“fopen”的声明
  matrix.cpp
  正在生成代码...
bourke.obj : warning LNK4075: 忽略“/EDITANDCONTINUE”(由于“/OPT:LBR”规范)
LINK : warning LNK4098: 默认库“LIBCMT”与其他库的使用冲突；请使用 /NODEFAULTLIB:library
LINK : warning LNK4098: 默认库“LIBCMTD”与其他库的使用冲突；请使用 /NODEFAULTLIB:library
glaux.lib(tk.obj) : error LNK2019: 无法解析的外部符号 _sscanf，该符号在函数 _GetRegistrySysColors@8 中被引用
libjpeg.lib(jmemmgr.obj) : error LNK2001: 无法解析的外部符号 _sscanf
freeglut_static.lib(freeglut_init.obj) : error LNK2001: 无法解析的外部符号 _sscanf
glaux.lib(tk.obj) : error LNK2019: 无法解析的外部符号 _vsprintf，该符号在函数 _PrintMessage 中被引用
libjpeg.lib(jerror.obj) : error LNK2019: 无法解析的外部符号 ___iob_func，该符号在函数 _output_message 中被引用
freeglut_static.lib(freeglut_main.obj) : error LNK2001: 无法解析的外部符号 ___iob_func
freeglut_static.lib(freeglut_display.obj) : error LNK2001: 无法解析的外部符号 ___iob_func
freeglut_static.lib(freeglut_main.obj) : error LNK2019: 无法解析的外部符号 _vfprintf，该符号在函数 _fgError 中被引用
freeglut_static.lib(freeglut_joystick.obj) : error LNK2019: 无法解析的外部符号 __snprintf，该符号在函数 _fghJoystickGetOEMProductName 中被引用
.\Debug/fftrefraction.exe : fatal error LNK1120: 5 个无法解析的外部命令
